<?xml version="1.0" encoding="UTF-8"?>
<!-- Generated by org.testng.reporters.JUnitXMLReporter -->
<testsuite ignored="2" hostname="EdDSingh" failures="1" tests="1" name="Test" time="19.781" errors="0" timestamp="2022-02-02T22:52:21 IST">
  <testcase classname="codeChallenge.Automated_Scenarios" name="Scenario_03" time="13.943">
    <failure type="java.lang.AssertionError" message="Unxpected Error on https://www.channelnewsasia.com/news/international expected [true] but found [false]">
      <![CDATA[java.lang.AssertionError: Unxpected Error on https://www.channelnewsasia.com/news/international expected [true] but found [false]
at codeChallenge.Automated_Scenarios.Scenario_03(Automated_Scenarios.java:117)
at java.base/java.util.ArrayList.forEach(ArrayList.java:1511)
... Removed 30 stack frames]]>
    </failure>
  </testcase> <!-- Scenario_03 -->
  <testcase classname="codeChallenge.Automated_Scenarios" name="Scenario_01" time="0.0">
    <ignored/>
  </testcase> <!-- Scenario_01 -->
  <testcase classname="codeChallenge.Automated_Scenarios" name="Scenario_02" time="0.0">
    <ignored/>
  </testcase> <!-- Scenario_02 -->
</testsuite> <!-- Test -->
