<?xml version="1.0" encoding="UTF-8"?>
<testsuite xmlns:xsi="http://www.w3.org/2001/XMLSchema-instance" xsi:noNamespaceSchemaLocation="https://maven.apache.org/surefire/maven-surefire-plugin/xsd/surefire-test-report-3.0.xsd" version="3.0" name="TestSuite" time="122.798" tests="4" errors="0" skipped="0" failures="0">
  <properties>
[...]
</properties>
  <testcase name="login" classname="codeChallenge.aspire_01_login" time="9.613">
    <system-out><![CDATA[Launching : '[Chrome]' Browser.
 - - - - -  - - - - - - - - - - - - - - - - - - - - - - - - - - - -
 - - - - - START : Login - - - - 
 - - - - -  - - - - - - - - - - - - - - - - - - - - - - - - - - - -
 - - - - - - - - - - - - - - - - - - - - - - - - - - - - - - - - -
 - - - - - END : Login - - - - 
 - - - - - - - - - - - - - - - - - - - - - - - - - - - - - - - - -
]]></system-out>
    <system-err><![CDATA[SLF4J: Failed to load class "org.slf4j.impl.StaticLoggerBinder".
SLF4J: Defaulting to no-operation (NOP) logger implementation
SLF4J: See http://www.slf4j.org/codes.html#StaticLoggerBinder for further details.
Starting ChromeDriver 97.0.4692.71 (adefa7837d02a07a604c1e6eff0b3a09422ab88d-refs/branch-heads/4692@{#1247}) on port 58346
Only local connections are allowed.
Please see https://chromedriver.chromium.org/security-considerations for suggestions on keeping ChromeDriver safe.
ChromeDriver was started successfully.
Jan 20, 2022 6:53:10 PM org.openqa.selenium.remote.ProtocolHandshake createSession
INFO: Detected dialect: W3C
Jan 20, 2022 6:53:10 PM org.openqa.selenium.devtools.CdpVersionFinder findNearestMatch
WARNING: Unable to find an exact match for CDP version 97, so returning the closest version found: 96
Jan 20, 2022 6:53:10 PM org.openqa.selenium.devtools.CdpVersionFinder findNearestMatch
INFO: Found CDP implementation for version 97 of 96
]]></system-err>
  </testcase>
  <testcase name="addAProduct" classname="codeChallenge.aspire_02_addProductAndManufacturingDetails" time="61.115">
    <system-out><![CDATA[ - - - - -  - - - - - - - - - - - - - - - - - - - - - - - - - - - -
 - - - - - START : Add Product - - - - 
 - - - - -  - - - - - - - - - - - - - - - - - - - - - - - - - - - -
 - - - - - Navigating To Product Page - - - - 
 - - - - - Navigated To Create Product Page - - - - 
 - - - - - Adding To Product Information- - - - 
 - - - - - Product General Information Added - - - - 
 - - - - - Switching To Product Inventory Tab - - - - 
 - - - - - Added Inventory Logistics Information - - - - 
 - - - - - Adding Package Info. - - - - 
 - - - - - Added Package Saved - - - - 
 - - - - - Navigating To Update Quantity - - - - 
 - - - - - Added Product Quantity - - - - 
 - - - - - Saved Product Quantity for Test_Ind_20_Jan_2022_Time_185307
 - - - - -  - - - - - - - - - - - - - - - - - - - - - - - - - - - -
 - - - - - END : Adding To Product Information- - - - 
 - - - - -  - - - - - - - - - - - - - - - - - - - - - - - - - - - -
]]></system-out>
  </testcase>
  <testcase name="addManufacturingOrder" classname="codeChallenge.aspire_02_addProductAndManufacturingDetails" time="42.133">
    <system-out><![CDATA[ - - - - - Navigating To Manufacturing - - - - - - -
 - - - - - Navigated To Manufacturing Order Page - - - - - - -
 - - - - -  - - - - - - - - - - - - - - - - - - - - - - - - - - - -
 - - - - - START : Add Manufacturing Order Information - - - - - - -
 - - - - -  - - - - - - - - - - - - - - - - - - - - - - - - - - - -
 - - - - - Added Manufacturing Order Basic Information - - - - - - -
 - - - - - Adding Manufacturing Product Line - - - - - - -
 - - - - - Added Manufacturing Product Line - - - - - - -
 - - - - - Manufacturing Order Saved  - - - - - - -
 - - - - -  - - - - - - - - - - - - - - - - - - - - - - - - - - - -
 - - - - - END	 : Add Manufacturing Order Information - - - - - - -
 - - - - -  - - - - - - - - - - - - - - - - - - - - - - - - - - - -
 - - - - - Confirmed Manufacturing Order  - - - - - - -
 - - - - - Manufacturing Order 'Marked As Done' - - - - - - -
 - - - - -  - - - - - - - - - - - - - - - - - - - - - - - - - - - -
 - - - - - START:  VALIDATION - - - - - - -
 - - - - -  - - - - - - - - - - - - - - - - - - - - - - - - - - - -
Pass: Status of Manufacturing Order is 'Done'.
Pass: Validated that the new Manufacturing Order is created with corrected information.
 - - - - -  - - - - - - - - - - - - - - - - - - - - - - - - - - - -
 - - - - - END:  VALIDATION - - - - - - -
 - - - - -  - - - - - - - - - - - - - - - - - - - - - - - - - - - -
]]></system-out>
  </testcase>
  <testcase name="logout" classname="codeChallenge.aspire_03_logout" time="3.406">
    <system-out><![CDATA[ - - - - -  - - - - - - - - - - - - - - - - - - - - - - - - - - - -
 - - - - - START : Logout - - - - 
 - - - - -  - - - - - - - - - - - - - - - - - - - - - - - - - - - -
 - - - - -  - - - - - - - - - - - - - - - - - - - - - - - - - - - -
 - - - - - END : Logout - - - - 
 - - - - -  - - - - - - - - - - - - - - - - - - - - - - - - - - - -
]]></system-out>
  </testcase>
</testsuite>