<?xml version="1.0" encoding="UTF-8"?>
<!-- Generated by org.testng.reporters.JUnitXMLReporter -->
<testsuite ignored="4" hostname="EdDSingh" failures="0" tests="4" name="Test" time="122.342" errors="0" timestamp="2022-01-20T18:55:10 IST">
  <testcase classname="codeChallenge.aspire_01_login" name="login" time="9.644"/>
  <testcase classname="codeChallenge.aspire_02_addProductAndManufacturingDetails" name="addAProduct" time="61.104"/>
  <testcase classname="codeChallenge.aspire_02_addProductAndManufacturingDetails" name="addManufacturingOrder" time="42.13"/>
  <testcase classname="codeChallenge.aspire_03_logout" name="logout" time="3.415"/>
  <testcase classname="codeChallenge.actionsMethods" name="@AfterTest flush" time="0.0">
    <ignored/>
  </testcase> <!-- @AfterTest flush -->
  <testcase classname="codeChallenge.actionsMethods" name="@BeforeTest launchBrowser" time="0.0">
    <ignored/>
  </testcase> <!-- @BeforeTest launchBrowser -->
  <testcase classname="codeChallenge.actionsMethods" name="@AfterTest flush" time="0.0">
    <ignored/>
  </testcase> <!-- @AfterTest flush -->
  <testcase classname="codeChallenge.actionsMethods" name="@BeforeTest launchBrowser" time="0.0">
    <ignored/>
  </testcase> <!-- @BeforeTest launchBrowser -->
</testsuite> <!-- Test -->
